<?xml version="1.0" encoding="UTF-8"?>
<testng-results skipped="0" failed="0" total="1" passed="1">
  <reporter-output>
  </reporter-output>
  <suite name="Default suite" duration-ms="135400" started-at="2017-01-31T13:30:18Z" finished-at="2017-01-31T13:32:34Z">
    <groups>
    </groups>
    <test name="Default test" duration-ms="135400" started-at="2017-01-31T13:30:18Z" finished-at="2017-01-31T13:32:34Z">
      <class name="com.nga.resourcelink.TC">
        <test-method status="PASS" signature="ff()[pri:0, instance:com.nga.resourcelink.TC@475530b9]" name="ff" is-config="true" duration-ms="86027" started-at="2017-01-31T19:00:18Z" finished-at="2017-01-31T19:01:45Z">
          <reporter-output>
          </reporter-output>
        </test-method> <!-- ff -->
        <test-method status="PASS" signature="f()[pri:0, instance:com.nga.resourcelink.TC@475530b9]" name="f" duration-ms="29350" started-at="2017-01-31T19:01:45Z" finished-at="2017-01-31T19:02:14Z">
          <reporter-output>
          </reporter-output>
        </test-method> <!-- f -->
        <test-method status="PASS" signature="close()[pri:0, instance:com.nga.resourcelink.TC@475530b9]" name="close" is-config="true" duration-ms="20005" started-at="2017-01-31T19:02:14Z" finished-at="2017-01-31T19:02:34Z">
          <reporter-output>
          </reporter-output>
        </test-method> <!-- close -->
      </class> <!-- com.nga.resourcelink.TC -->
    </test> <!-- Default test -->
  </suite> <!-- Default suite -->
</testng-results>
